#
# A fatal error has been detected by the Java Runtime Environment:
#
#  SIGSEGV (0xb) at pc=0x00007f51dae2a872, pid=9915, tid=139989549049600
#
# JRE version: OpenJDK Runtime Environment (8.0_45-b14) (build 1.8.0_45-internal-b14)
# Java VM: OpenJDK 64-Bit Server VM (25.45-b02 mixed mode linux-amd64 compressed oops)
# Problematic frame:
# C  [libc.so.6+0x84872]  cfree+0x22
#
# Failed to write core dump. Core dumps have been disabled. To enable core dumping, try "ulimit -c unlimited" before starting Java again
#
# If you would like to submit a bug report, please visit:
#   http://bugreport.java.com/bugreport/crash.jsp
# The crash happened outside the Java Virtual Machine in native code.
# See problematic frame for where to report the bug.
#

---------------  T H R E A D  ---------------

Current thread (0x00007f51d400a000):  JavaThread "DestroyJavaVM" [_thread_in_native, id=9916, stack(0x00007f51db47e000,0x00007f51db57f000)]

siginfo: si_signo: 11 (SIGSEGV), si_code: 1 (SEGV_MAPERR), si_addr: 0x00007f50fffffff8

Registers:
RAX=0x0000000000000000, RBX=0x00007f51d437a840, RCX=0x0000000000000000, RDX=0x0000000000000000
RSP=0x00007f51db57c8b0, RBP=0x00007f51db57c920, RSI=0x00007f51da74a0c8, RDI=0x00007f5100000000
R8 =0x0000000000000b46, R9 =0x00007f51d43c1d80, R10=0x0000000000000001, R11=0x0000000000000000
R12=0x00007f51d4065e00, R13=0x00007f51d43c1ee0, R14=0x00007f51d43c1ee0, R15=0x0000000000000b46
RIP=0x00007f51dae2a872, EFLAGS=0x0000000000010206, CSGSFS=0x0000000000000033, ERR=0x0000000000000004
  TRAPNO=0x000000000000000e

Top of Stack: (sp=0x00007f51db57c8b0)
0x00007f51db57c8b0:   0000000000000000 00007f51da08075e
0x00007f51db57c8c0:   0000000000000001 00007f51d4065e00
0x00007f51db57c8d0:   00007f51db57c8f0 00007f51d437a840
0x00007f51db57c8e0:   00007f51db57c920 00007f51d4065e00
0x00007f51db57c8f0:   00007f51d43c1ee0 00007f51d3dfc90d
0x00007f51db57c900:   0000000000000000 0000000000000001
0x00007f51db57c910:   00007f51d4065e00 00007f5184001976
0x00007f51db57c920:   00007f51db57c980 00007f51d3dfd5a0
0x00007f51db57c930:   00007f51db57c994 00000b46db57c990
0x00007f51db57c940:   0000000000000000 278205ea7b250500
0x00007f51db57c950:   00007f51db57c980 00007f51d406f9a0
0x00007f51db57c960:   00007f51d43c1ee0 00007f51d400a000
0x00007f51db57c970:   00007f51db57c9a0 00007f51d400a000
0x00007f51db57c980:   00007f51db57ca60 00007f51d9c2a7b8
0x00007f51db57c990:   0000002600000b46 00007f5184000e30
0x00007f51db57c9a0:   6974752f6176616a 69746e6564492f6c
0x00007f51db57c9b0:   614d687361487974 74655379654b2470
0x00007f51db57c9c0:   00007373616c632e 00007f51db57cbf0
0x00007f51db57c9d0:   00007f51d400a000 00007f51d42a5130
0x00007f51db57c9e0:   00007f51db57cad0 00007f51d9d5815f
0x00007f51db57c9f0:   0000003000000018 00007f51db57cae0
0x00007f51db57ca00:   00007f51db57ca10 278205ea7b250500
0x00007f51db57ca10:   00007f51db57cb00 00007f51db57cc40
0x00007f51db57ca20:   00007f51d400a460 278205ea7b250500
0x00007f51db57ca30:   0000000000000001 0000000000000026
0x00007f51db57ca40:   00007f51d400a5c0 00007f51d40175e0
0x00007f51db57ca50:   00007f51d40171a0 00007f51d4017520
0x00007f51db57ca60:   00007f51db57cad0 00007f51d9c2d0a3
0x00007f51db57ca70:   0000000000000000 00000024daebb38d
0x00007f51db57ca80:   00007f51d400a000 00007f51d4016800
0x00007f51db57ca90:   000000000000e82c 278205ea7b250500
0x00007f51db57caa0:   00007f51d400a590 00007f51d400a000 

Instructions: (pc=0x00007f51dae2a872)
0x00007f51dae2a852:   41 54 55 53 48 83 ec 28 48 8b 05 87 f6 33 00 48
0x00007f51dae2a862:   8b 00 48 85 c0 0f 85 d3 00 00 00 48 85 ff 74 2a
0x00007f51dae2a872:   48 8b 47 f8 48 8d 77 f0 a8 02 75 32 a8 04 48 8d
0x00007f51dae2a882:   3d 79 03 34 00 74 0c 48 89 f0 48 25 00 00 00 fc 

Register to memory mapping:

RAX=0x0000000000000000 is an unknown value
RBX=0x00007f51d437a840 is an unknown value
RCX=0x0000000000000000 is an unknown value
RDX=0x0000000000000000 is an unknown value
RSP=0x00007f51db57c8b0 is pointing into the stack for thread: 0x00007f51d400a000
RBP=0x00007f51db57c920 is pointing into the stack for thread: 0x00007f51d400a000
RSI=0x00007f51da74a0c8: <offset 0xf690c8> in /usr/lib/jvm/java-8-openjdk-amd64/jre/lib/amd64/server/libjvm.so at 0x00007f51d97e1000
RDI=0x00007f5100000000 is an unknown value
R8 =0x0000000000000b46 is an unknown value
R9 =0x00007f51d43c1d80 is an unknown value
R10=0x0000000000000001 is an unknown value
R11=0x0000000000000000 is an unknown value
R12=0x00007f51d4065e00 is an unknown value
R13=0x00007f51d43c1ee0 is an unknown value
R14=0x00007f51d43c1ee0 is an unknown value
R15=0x0000000000000b46 is an unknown value


Stack: [0x00007f51db47e000,0x00007f51db57f000],  sp=0x00007f51db57c8b0,  free space=1018k
Native frames: (J=compiled Java code, j=interpreted, Vv=VM code, C=native code)
C  [libc.so.6+0x84872]  cfree+0x22
C  [libzip.so+0x65a0]  ZIP_ReadEntry+0x110
V  [libjvm.so+0x4497b8]  ClassPathZipEntry::open_stream(char const*, Thread*)+0x278
V  [libjvm.so+0x44c0a3]  LazyClassPathEntry::open_stream(char const*, Thread*)+0xd3
V  [libjvm.so+0x44df89]  ClassLoader::load_classfile(Symbol*, Thread*)+0x1c9
V  [libjvm.so+0xa089ea]  SystemDictionary::load_instance_class(Symbol*, Handle, Thread*)+0x39a
V  [libjvm.so+0xa07501]  SystemDictionary::resolve_instance_class_or_null(Symbol*, Handle, Handle, Thread*)+0x9b1
V  [libjvm.so+0xa0910a]  SystemDictionary::resolve_or_fail(Symbol*, Handle, Handle, bool, Thread*)+0x5a
V  [libjvm.so+0x4d78d0]  ConstantPool::klass_at_impl(constantPoolHandle, int, Thread*)+0x420
V  [libjvm.so+0x6738cd]  InterpreterRuntime::_new(JavaThread*, ConstantPool*, int)+0x9d
j  java.util.IdentityHashMap.keySet()Ljava/util/Set;+12
j  java.lang.ApplicationShutdownHooks.runHooks()V+8
j  java.lang.ApplicationShutdownHooks$1.run()V+0
j  java.lang.Shutdown.runHooks()V+39
j  java.lang.Shutdown.sequence()V+26
j  java.lang.Shutdown.shutdown()V+58
v  ~StubRoutines::call_stub
V  [libjvm.so+0x6868c3]  JavaCalls::call_helper(JavaValue*, methodHandle*, JavaCallArguments*, Thread*)+0xd63
V  [libjvm.so+0x68531c]  JavaCalls::call_static(JavaValue*, KlassHandle, Symbol*, Symbol*, JavaCallArguments*, Thread*)+0x27c
V  [libjvm.so+0x6858a8]  JavaCalls::call_static(JavaValue*, KlassHandle, Symbol*, Symbol*, Thread*)+0x48
V  [libjvm.so+0xa36c08]  Threads::destroy_vm()+0x1b8
V  [libjvm.so+0x694346]  jni_DestroyJavaVM+0x96
C  [libjli.so+0x314d]
C  [libpthread.so.0+0x76aa]  start_thread+0xca

Java frames: (J=compiled Java code, j=interpreted, Vv=VM code)
j  java.util.IdentityHashMap.keySet()Ljava/util/Set;+12
j  java.lang.ApplicationShutdownHooks.runHooks()V+8
j  java.lang.ApplicationShutdownHooks$1.run()V+0
j  java.lang.Shutdown.runHooks()V+39
j  java.lang.Shutdown.sequence()V+26
j  java.lang.Shutdown.shutdown()V+58
v  ~StubRoutines::call_stub

---------------  P R O C E S S  ---------------

Java Threads: ( => current thread )
=>0x00007f51d400a000 JavaThread "DestroyJavaVM" [_thread_in_native, id=9916, stack(0x00007f51db47e000,0x00007f51db57f000)]
  0x00007f51d419f800 JavaThread "Service Thread" daemon [_thread_blocked, id=9928, stack(0x00007f51b2d12000,0x00007f51b2e13000)]
  0x00007f51d4177800 JavaThread "C1 CompilerThread2" daemon [_thread_blocked, id=9927, stack(0x00007f51b2e13000,0x00007f51b2f14000)]
  0x00007f51d4175800 JavaThread "C2 CompilerThread1" daemon [_thread_blocked, id=9926, stack(0x00007f51b2f14000,0x00007f51b3015000)]
  0x00007f51d4172800 JavaThread "C2 CompilerThread0" daemon [_thread_blocked, id=9925, stack(0x00007f51b3015000,0x00007f51b3116000)]
  0x00007f51d4170800 JavaThread "Signal Dispatcher" daemon [_thread_blocked, id=9924, stack(0x00007f51b3116000,0x00007f51b3217000)]
  0x00007f51d4146000 JavaThread "Finalizer" daemon [_thread_blocked, id=9923, stack(0x00007f51b38f9000,0x00007f51b39fa000)]
  0x00007f51d4143800 JavaThread "Reference Handler" daemon [_thread_blocked, id=9922, stack(0x00007f51b39fa000,0x00007f51b3afb000)]

Other Threads:
  0x00007f51d413e800 VMThread [stack: 0x00007f51b3afb000,0x00007f51b3bfc000] [id=9921]
  0x00007f51d41a1800 WatcherThread [stack: 0x00007f51b2c11000,0x00007f51b2d12000] [id=9929]

VM state:not at safepoint (normal execution)

VM Mutex/Monitor currently owned by a thread: None

Heap:
 PSYoungGen      total 36864K, used 11028K [0x0000000755580000, 0x0000000757e80000, 0x00000007c0000000)
  eden space 31744K, 34% used [0x0000000755580000,0x0000000756045220,0x0000000757480000)
  from space 5120K, 0% used [0x0000000757980000,0x0000000757980000,0x0000000757e80000)
  to   space 5120K, 0% used [0x0000000757480000,0x0000000757480000,0x0000000757980000)
 ParOldGen       total 84992K, used 0K [0x0000000680000000, 0x0000000685300000, 0x0000000755580000)
  object space 84992K, 0% used [0x0000000680000000,0x0000000680000000,0x0000000685300000)
 Metaspace       used 6278K, capacity 6370K, committed 6400K, reserved 1056768K
  class space    used 714K, capacity 756K, committed 768K, reserved 1048576K

Card table byte_map: [0x00007f51c4036000,0x00007f51c4a37000] byte_map_base: 0x00007f51c0c36000

Marking Bits: (ParMarkBitMap*) 0x00007f51da74de80
 Begin Bits: [0x00007f51b9688000, 0x00007f51be688000)
 End Bits:   [0x00007f51be688000, 0x00007f51c3688000)

Polling page: 0x00007f51db59f000

CodeCache: size=245760Kb used=2220Kb max_used=2220Kb free=243539Kb
 bounds [0x00007f51c4df7000, 0x00007f51c5067000, 0x00007f51d3df7000]
 total_blobs=876 nmethods=495 adapters=296
 compilation: enabled

Compilation events (10 events):
Event: 0.277 Thread 0x00007f51d4175800  490       4       java.util.regex.Pattern$BmpCharProperty::match (50 bytes)
Event: 0.278 Thread 0x00007f51d4172800  491       4       java.util.regex.Pattern$Ctype::isSatisfiedBy (24 bytes)
Event: 0.278 Thread 0x00007f51d4177800 nmethod 488 0x00007f51c50175d0 code [0x00007f51c50177c0, 0x00007f51c50181f8]
Event: 0.278 Thread 0x00007f51d4177800  487       2       java.util.regex.Pattern$Slice::match (79 bytes)
Event: 0.278 Thread 0x00007f51d4177800 nmethod 487 0x00007f51c5015b10 code [0x00007f51c5015ca0, 0x00007f51c5015f58]
Event: 0.278 Thread 0x00007f51d4172800 nmethod 491 0x00007f51c501e610 code [0x00007f51c501e760, 0x00007f51c501e838]
Event: 0.280 Thread 0x00007f51d4175800 nmethod 490 0x00007f51c501dd90 code [0x00007f51c501df20, 0x00007f51c501e238]
Event: 0.328 Thread 0x00007f51d4177800  492   !   3       java.lang.StringCoding::encode (120 bytes)
Event: 0.330 Thread 0x00007f51d4177800 nmethod 492 0x00007f51c5020350 code [0x00007f51c50206a0, 0x00007f51c5022138]
Event: 0.330 Thread 0x00007f51d4177800  493   !   3       java.lang.StringCoding$StringEncoder::encode (179 bytes)

GC Heap History (0 events):
No events

Deoptimization events (2 events):
Event: 0.273 Thread 0x00007f51d400a000 Uncommon trap: reason=unstable_if action=reinterpret pc=0x00007f51c5001854 method=java.lang.Boolean.valueOf(Z)Ljava/lang/Boolean; @ 1
Event: 0.275 Thread 0x00007f51d400a000 Uncommon trap: reason=class_check action=maybe_recompile pc=0x00007f51c5001de0 method=org.bridj.Pointer.set(JLjava/lang/Object;)Ljava/lang/Object; @ 10

Internal exceptions (10 events):
Event: 0.229 Thread 0x00007f51d400a000 Exception <a 'java/lang/NoSuchMethodError': clEnqueueBarrier> (0x0000000755d7a7a0) thrown at [/build/buildd/openjdk-8-8u45-b14/src/hotspot/src/share/vm/prims/jni.cpp, line 1598]
Event: 0.229 Thread 0x00007f51d400a000 Exception <a 'java/lang/NoSuchMethodError': clGetExtensionFunctionAddress> (0x0000000755d7a9c8) thrown at [/build/buildd/openjdk-8-8u45-b14/src/hotspot/src/share/vm/prims/jni.cpp, line 1598]
Event: 0.229 Thread 0x00007f51d400a000 Exception <a 'java/lang/NoSuchMethodError': clCreateFromGLTexture> (0x0000000755d7abe0) thrown at [/build/buildd/openjdk-8-8u45-b14/src/hotspot/src/share/vm/prims/jni.cpp, line 1598]
Event: 0.229 Thread 0x00007f51d400a000 Exception <a 'java/lang/NoSuchMethodError': clGetGLObjectInfo> (0x0000000755d7adf0) thrown at [/build/buildd/openjdk-8-8u45-b14/src/hotspot/src/share/vm/prims/jni.cpp, line 1598]
Event: 0.229 Thread 0x00007f51d400a000 Exception <a 'java/lang/NoSuchMethodError': clGetGLTextureInfo> (0x0000000755d7b000) thrown at [/build/buildd/openjdk-8-8u45-b14/src/hotspot/src/share/vm/prims/jni.cpp, line 1598]
Event: 0.229 Thread 0x00007f51d400a000 Exception <a 'java/lang/NoSuchMethodError': clEnqueueAcquireGLObjects> (0x0000000755d7b220) thrown at [/build/buildd/openjdk-8-8u45-b14/src/hotspot/src/share/vm/prims/jni.cpp, line 1598]
Event: 0.229 Thread 0x00007f51d400a000 Exception <a 'java/lang/NoSuchMethodError': clEnqueueReleaseGLObjects> (0x0000000755d7b440) thrown at [/build/buildd/openjdk-8-8u45-b14/src/hotspot/src/share/vm/prims/jni.cpp, line 1598]
Event: 0.229 Thread 0x00007f51d400a000 Exception <a 'java/lang/UnsatisfiedLinkError': com.nativelibs4java.opencl.library.OpenCLLibrary.clIcdGetPlatformIDsKHR(IJJ)I> (0x0000000755d7bfc0) thrown at [/build/buildd/openjdk-8-8u45-b14/src/hotspot/src/share/vm/prims/nativeLookup.cpp, line 378]
Event: 0.271 Thread 0x00007f51d400a000 Exception <a 'java/lang/NoSuchMethodError': apply> (0x0000000755f2f110) thrown at [/build/buildd/openjdk-8-8u45-b14/src/hotspot/src/share/vm/prims/jni.cpp, line 1598]
Event: 0.272 Thread 0x00007f51d400a000 Exception <a 'java/lang/NoSuchMethodError': apply> (0x0000000755f34750) thrown at [/build/buildd/openjdk-8-8u45-b14/src/hotspot/src/share/vm/prims/jni.cpp, line 1598]

Events (10 events):
Event: 0.328 loading class com/nativelibs4java/opencl/CLKernel done
Event: 0.329 loading class com/nativelibs4java/opencl/CLKernel$1
Event: 0.329 loading class com/nativelibs4java/opencl/CLKernel$1 done
Event: 0.329 loading class com/nativelibs4java/opencl/CLKernel$2
Event: 0.329 loading class com/nativelibs4java/opencl/CLKernel$2 done
Event: 0.330 loading class com/nativelibs4java/opencl/CLKernel$3
Event: 0.330 loading class com/nativelibs4java/opencl/CLKernel$3 done
Event: 0.331 Thread 0x00007f51d400a000 Thread exited: 0x00007f51d400a000
Event: 0.331 Thread 0x00007f51d400a000 Thread added: 0x00007f51d400a000
Event: 0.331 loading class java/util/IdentityHashMap$KeySet


Dynamic libraries:
00400000-00401000 r-xp 00000000 08:0a 8259739                            /usr/lib/jvm/java-8-openjdk-amd64/jre/bin/java
00600000-00601000 r--p 00000000 08:0a 8259739                            /usr/lib/jvm/java-8-openjdk-amd64/jre/bin/java
00601000-00602000 rw-p 00001000 08:0a 8259739                            /usr/lib/jvm/java-8-openjdk-amd64/jre/bin/java
0218c000-021ad000 rw-p 00000000 00:00 0                                  [heap]
680000000-685300000 rw-p 00000000 00:00 0 
685300000-755580000 ---p 00000000 00:00 0 
755580000-757e80000 rw-p 00000000 00:00 0 
757e80000-7c0000000 ---p 00000000 00:00 0 
7c0000000-7c00c0000 rw-p 00000000 00:00 0 
7c00c0000-800000000 ---p 00000000 00:00 0 
7f5164000000-7f5164021000 rw-p 00000000 00:00 0 
7f5164021000-7f5168000000 ---p 00000000 00:00 0 
7f516c000000-7f516c021000 rw-p 00000000 00:00 0 
7f516c021000-7f5170000000 ---p 00000000 00:00 0 
7f5170000000-7f5170021000 rw-p 00000000 00:00 0 
7f5170021000-7f5174000000 ---p 00000000 00:00 0 
7f5174000000-7f5174023000 rw-p 00000000 00:00 0 
7f5174023000-7f5178000000 ---p 00000000 00:00 0 
7f5178000000-7f5178021000 rw-p 00000000 00:00 0 
7f5178021000-7f517c000000 ---p 00000000 00:00 0 
7f517c000000-7f517c021000 rw-p 00000000 00:00 0 
7f517c021000-7f5180000000 ---p 00000000 00:00 0 
7f5180000000-7f5180021000 rw-p 00000000 00:00 0 
7f5180021000-7f5184000000 ---p 00000000 00:00 0 
7f5184000000-7f518408a000 rw-p 00000000 00:00 0 
7f518408a000-7f5188000000 ---p 00000000 00:00 0 
7f5188000000-7f5188163000 rw-p 00000000 00:00 0 
7f5188163000-7f518c000000 ---p 00000000 00:00 0 
7f518c000000-7f518c021000 rw-p 00000000 00:00 0 
7f518c021000-7f5190000000 ---p 00000000 00:00 0 
7f5190000000-7f519007d000 rw-p 00000000 00:00 0 
7f519007d000-7f5194000000 ---p 00000000 00:00 0 
7f5194000000-7f5194021000 rw-p 00000000 00:00 0 
7f5194021000-7f5198000000 ---p 00000000 00:00 0 
7f5198000000-7f5198021000 rw-p 00000000 00:00 0 
7f5198021000-7f519c000000 ---p 00000000 00:00 0 
7f519c000000-7f519c021000 rw-p 00000000 00:00 0 
7f519c021000-7f51a0000000 ---p 00000000 00:00 0 
7f51a0000000-7f51a0021000 rw-p 00000000 00:00 0 
7f51a0021000-7f51a4000000 ---p 00000000 00:00 0 
7f51a4000000-7f51a4021000 rw-p 00000000 00:00 0 
7f51a4021000-7f51a8000000 ---p 00000000 00:00 0 
7f51a8475000-7f51a8476000 ---p 00000000 00:00 0 
7f51a8476000-7f51a9688000 rw-p 00000000 00:00 0                          [stack:9935]
7f51a9757000-7f51aba17000 r-xp 00000000 08:0a 7350394                    /usr/include/AMDAPPSDK-2.9-1/lib/x86_64/libamdocl64.so
7f51aba17000-7f51abc16000 ---p 022c0000 08:0a 7350394                    /usr/include/AMDAPPSDK-2.9-1/lib/x86_64/libamdocl64.so
7f51abc16000-7f51abee6000 rw-p 022bf000 08:0a 7350394                    /usr/include/AMDAPPSDK-2.9-1/lib/x86_64/libamdocl64.so
7f51abee6000-7f51ac000000 rw-p 00000000 00:00 0 
7f51ac000000-7f51ac021000 rw-p 00000000 00:00 0 
7f51ac021000-7f51b0000000 ---p 00000000 00:00 0 
7f51b0240000-7f51b0241000 r-xp 00000000 08:0a 18744110                   /tmp/OCL9915T2.so
7f51b0241000-7f51b0440000 ---p 00001000 08:0a 18744110                   /tmp/OCL9915T2.so
7f51b0440000-7f51b0441000 rw-p 00000000 08:0a 18744110                   /tmp/OCL9915T2.so
7f51b0441000-7f51b0442000 ---p 00000000 00:00 0 
7f51b0442000-7f51b0c54000 rw-p 00000000 00:00 0                          [stack:9934]
7f51b0c54000-7f51b0c55000 ---p 00000000 00:00 0 
7f51b0c55000-7f51b1467000 rw-p 00000000 00:00 0                          [stack:9933]
7f51b1467000-7f51b1468000 ---p 00000000 00:00 0 
7f51b1468000-7f51b1c7a000 rw-p 00000000 00:00 0                          [stack:9932]
7f51b1c7a000-7f51b1c8b000 r-xp 00000000 08:0a 7217130                    /usr/lib/x86_64-linux-gnu/libXext.so.6.4.0
7f51b1c8b000-7f51b1e8a000 ---p 00011000 08:0a 7217130                    /usr/lib/x86_64-linux-gnu/libXext.so.6.4.0
7f51b1e8a000-7f51b1e8b000 r--p 00010000 08:0a 7217130                    /usr/lib/x86_64-linux-gnu/libXext.so.6.4.0
7f51b1e8b000-7f51b1e8c000 rw-p 00011000 08:0a 7217130                    /usr/lib/x86_64-linux-gnu/libXext.so.6.4.0
7f51b1e8c000-7f51b1e91000 r-xp 00000000 08:0a 7217128                    /usr/lib/x86_64-linux-gnu/libXdmcp.so.6.0.0
7f51b1e91000-7f51b2090000 ---p 00005000 08:0a 7217128                    /usr/lib/x86_64-linux-gnu/libXdmcp.so.6.0.0
7f51b2090000-7f51b2091000 r--p 00004000 08:0a 7217128                    /usr/lib/x86_64-linux-gnu/libXdmcp.so.6.0.0
7f51b2091000-7f51b2092000 rw-p 00005000 08:0a 7217128                    /usr/lib/x86_64-linux-gnu/libXdmcp.so.6.0.0
7f51b2092000-7f51b2094000 r-xp 00000000 08:0a 7217117                    /usr/lib/x86_64-linux-gnu/libXau.so.6.0.0
7f51b2094000-7f51b2294000 ---p 00002000 08:0a 7217117                    /usr/lib/x86_64-linux-gnu/libXau.so.6.0.0
7f51b2294000-7f51b2295000 r--p 00002000 08:0a 7217117                    /usr/lib/x86_64-linux-gnu/libXau.so.6.0.0
7f51b2295000-7f51b2296000 rw-p 00003000 08:0a 7217117                    /usr/lib/x86_64-linux-gnu/libXau.so.6.0.0
7f51b2296000-7f51b22b3000 r-xp 00000000 08:0a 7218315                    /usr/lib/x86_64-linux-gnu/libxcb.so.1.1.0
7f51b22b3000-7f51b24b3000 ---p 0001d000 08:0a 7218315                    /usr/lib/x86_64-linux-gnu/libxcb.so.1.1.0
7f51b24b3000-7f51b24b4000 r--p 0001d000 08:0a 7218315                    /usr/lib/x86_64-linux-gnu/libxcb.so.1.1.0
7f51b24b4000-7f51b24b5000 rw-p 0001e000 08:0a 7218315                    /usr/lib/x86_64-linux-gnu/libxcb.so.1.1.0
7f51b24b5000-7f51b25e8000 r-xp 00000000 08:0a 7217113                    /usr/lib/x86_64-linux-gnu/libX11.so.6.3.0
7f51b25e8000-7f51b27e8000 ---p 00133000 08:0a 7217113                    /usr/lib/x86_64-linux-gnu/libX11.so.6.3.0
7f51b27e8000-7f51b27e9000 r--p 00133000 08:0a 7217113                    /usr/lib/x86_64-linux-gnu/libX11.so.6.3.0
7f51b27e9000-7f51b27ed000 rw-p 00134000 08:0a 7217113                    /usr/lib/x86_64-linux-gnu/libX11.so.6.3.0
7f51b27ed000-7f51b27ee000 rw-p 00000000 00:00 0 
7f51b27ee000-7f51b27f4000 r-xp 00000000 08:0a 7350392                    /usr/include/AMDAPPSDK-2.9-1/lib/x86_64/libOpenCL.so.1
7f51b27f4000-7f51b29f4000 ---p 00006000 08:0a 7350392                    /usr/include/AMDAPPSDK-2.9-1/lib/x86_64/libOpenCL.so.1
7f51b29f4000-7f51b29f5000 rw-p 00006000 08:0a 7350392                    /usr/include/AMDAPPSDK-2.9-1/lib/x86_64/libOpenCL.so.1
7f51b29f5000-7f51b2a10000 r-xp 00000000 08:0a 18744108                   /tmp/BridJExtractedLibraries4094667784594532134/libbridj.so
7f51b2a10000-7f51b2c0f000 ---p 0001b000 08:0a 18744108                   /tmp/BridJExtractedLibraries4094667784594532134/libbridj.so
7f51b2c0f000-7f51b2c10000 r--p 0001a000 08:0a 18744108                   /tmp/BridJExtractedLibraries4094667784594532134/libbridj.so
7f51b2c10000-7f51b2c11000 rw-p 0001b000 08:0a 18744108                   /tmp/BridJExtractedLibraries4094667784594532134/libbridj.so
7f51b2c11000-7f51b2c12000 ---p 00000000 00:00 0 
7f51b2c12000-7f51b2d12000 rw-p 00000000 00:00 0                          [stack:9929]
7f51b2d12000-7f51b2d15000 ---p 00000000 00:00 0 
7f51b2d15000-7f51b2e13000 rw-p 00000000 00:00 0                          [stack:9928]
7f51b2e13000-7f51b2e16000 ---p 00000000 00:00 0 
7f51b2e16000-7f51b2f14000 rw-p 00000000 00:00 0                          [stack:9927]
7f51b2f14000-7f51b2f17000 ---p 00000000 00:00 0 
7f51b2f17000-7f51b3015000 rw-p 00000000 00:00 0                          [stack:9926]
7f51b3015000-7f51b3018000 ---p 00000000 00:00 0 
7f51b3018000-7f51b3116000 rw-p 00000000 00:00 0                          [stack:9925]
7f51b3116000-7f51b3119000 ---p 00000000 00:00 0 
7f51b3119000-7f51b3217000 rw-p 00000000 00:00 0                          [stack:9924]
7f51b3217000-7f51b38f9000 r--p 00000000 08:0a 7216172                    /usr/lib/locale/locale-archive
7f51b38f9000-7f51b38fc000 ---p 00000000 00:00 0 
7f51b38fc000-7f51b39fa000 rw-p 00000000 00:00 0                          [stack:9923]
7f51b39fa000-7f51b39fd000 ---p 00000000 00:00 0 
7f51b39fd000-7f51b3afb000 rw-p 00000000 00:00 0                          [stack:9922]
7f51b3afb000-7f51b3afc000 ---p 00000000 00:00 0 
7f51b3afc000-7f51b4000000 rw-p 00000000 00:00 0                          [stack:9921]
7f51b4000000-7f51b4021000 rw-p 00000000 00:00 0 
7f51b4021000-7f51b8000000 ---p 00000000 00:00 0 
7f51b8027000-7f51b802a000 rw-p 00000000 00:00 0 
7f51b802a000-7f51b802c000 rwxp 00000000 00:00 0 
7f51b802c000-7f51b802d000 ---p 00000000 00:00 0 
7f51b802d000-7f51b806d000 rw-p 00000000 00:00 0                          [stack:9931]
7f51b806d000-7f51b80cc000 rwxp 00000000 00:00 0 
7f51b80cc000-7f51b80d3000 r--s 00000000 08:0a 7350392                    /usr/include/AMDAPPSDK-2.9-1/lib/x86_64/libOpenCL.so.1
7f51b80d3000-7f51b80ed000 r--s 001d3000 08:0a 7475445                    /usr/lib/jvm/java-8-openjdk-amd64/jre/lib/ext/nashorn.jar
7f51b80ed000-7f51b8c45000 rw-p 00000000 00:00 0 
7f51b8c45000-7f51b8e12000 r--s 03bd3000 08:0a 7211572                    /usr/lib/jvm/java-8-openjdk-amd64/jre/lib/rt.jar
7f51b8e12000-7f51b9408000 rw-p 00000000 00:00 0 
7f51b9408000-7f51b9688000 ---p 00000000 00:00 0 
7f51b9688000-7f51c3688000 rw-p 00000000 00:00 0 
7f51c3688000-7f51c3689000 ---p 00000000 00:00 0 
7f51c3689000-7f51c3789000 rw-p 00000000 00:00 0                          [stack:9920]
7f51c3789000-7f51c378a000 ---p 00000000 00:00 0 
7f51c378a000-7f51c388a000 rw-p 00000000 00:00 0                          [stack:9919]
7f51c388a000-7f51c388b000 ---p 00000000 00:00 0 
7f51c388b000-7f51c39b5000 rw-p 00000000 00:00 0                          [stack:9918]
7f51c39b5000-7f51c4036000 ---p 00000000 00:00 0 
7f51c4036000-7f51c4060000 rw-p 00000000 00:00 0 
7f51c4060000-7f51c46e0000 ---p 00000000 00:00 0 
7f51c46e0000-7f51c46f6000 rw-p 00000000 00:00 0 
7f51c46f6000-7f51c4a36000 ---p 00000000 00:00 0 
7f51c4a36000-7f51c4a41000 rw-p 00000000 00:00 0 
7f51c4a41000-7f51c4df7000 ---p 00000000 00:00 0 
7f51c4df7000-7f51c5067000 rwxp 00000000 00:00 0 
7f51c5067000-7f51d3df7000 ---p 00000000 00:00 0 
7f51d3df7000-7f51d3dff000 r-xp 00000000 08:0a 7340780                    /usr/lib/jvm/java-8-openjdk-amd64/jre/lib/amd64/libzip.so
7f51d3dff000-7f51d3ffe000 ---p 00008000 08:0a 7340780                    /usr/lib/jvm/java-8-openjdk-amd64/jre/lib/amd64/libzip.so
7f51d3ffe000-7f51d3fff000 r--p 00007000 08:0a 7340780                    /usr/lib/jvm/java-8-openjdk-amd64/jre/lib/amd64/libzip.so
7f51d3fff000-7f51d4000000 rw-p 00008000 08:0a 7340780                    /usr/lib/jvm/java-8-openjdk-amd64/jre/lib/amd64/libzip.so
7f51d4000000-7f51d499d000 rw-p 00000000 00:00 0 
7f51d499d000-7f51d8000000 ---p 00000000 00:00 0 
7f51d8000000-7f51d8004000 rwxp 00000000 00:00 0 
7f51d8004000-7f51d800b000 r--s 00000000 08:0a 7350392                    /usr/include/AMDAPPSDK-2.9-1/lib/x86_64/libOpenCL.so.1
7f51d800b000-7f51d8010000 r--s 00094000 08:0a 7211562                    /usr/lib/jvm/java-8-openjdk-amd64/jre/lib/jsse.jar
7f51d8010000-7f51d802c000 r--s 00393000 08:0a 7475444                    /usr/lib/jvm/java-8-openjdk-amd64/jre/lib/ext/cldrdata.jar
7f51d802c000-7f51d802d000 ---p 00000000 00:00 0 
7f51d802d000-7f51d812d000 rw-p 00000000 00:00 0                          [stack:9917]
7f51d812d000-7f51d8139000 r-xp 00000000 08:0a 4591838                    /lib/x86_64-linux-gnu/libnss_files-2.21.so
7f51d8139000-7f51d8338000 ---p 0000c000 08:0a 4591838                    /lib/x86_64-linux-gnu/libnss_files-2.21.so
7f51d8338000-7f51d8339000 r--p 0000b000 08:0a 4591838                    /lib/x86_64-linux-gnu/libnss_files-2.21.so
7f51d8339000-7f51d833a000 rw-p 0000c000 08:0a 4591838                    /lib/x86_64-linux-gnu/libnss_files-2.21.so
7f51d833a000-7f51d8345000 r-xp 00000000 08:0a 4591848                    /lib/x86_64-linux-gnu/libnss_nis-2.21.so
7f51d8345000-7f51d8544000 ---p 0000b000 08:0a 4591848                    /lib/x86_64-linux-gnu/libnss_nis-2.21.so
7f51d8544000-7f51d8545000 r--p 0000a000 08:0a 4591848                    /lib/x86_64-linux-gnu/libnss_nis-2.21.so
7f51d8545000-7f51d8546000 rw-p 0000b000 08:0a 4591848                    /lib/x86_64-linux-gnu/libnss_nis-2.21.so
7f51d8546000-7f51d855d000 r-xp 00000000 08:0a 4591832                    /lib/x86_64-linux-gnu/libnsl-2.21.so
7f51d855d000-7f51d875c000 ---p 00017000 08:0a 4591832                    /lib/x86_64-linux-gnu/libnsl-2.21.so
7f51d875c000-7f51d875d000 r--p 00016000 08:0a 4591832                    /lib/x86_64-linux-gnu/libnsl-2.21.so
7f51d875d000-7f51d875e000 rw-p 00017000 08:0a 4591832                    /lib/x86_64-linux-gnu/libnsl-2.21.so
7f51d875e000-7f51d8760000 rw-p 00000000 00:00 0 
7f51d8760000-7f51d8768000 r-xp 00000000 08:0a 4591834                    /lib/x86_64-linux-gnu/libnss_compat-2.21.so
7f51d8768000-7f51d8967000 ---p 00008000 08:0a 4591834                    /lib/x86_64-linux-gnu/libnss_compat-2.21.so
7f51d8967000-7f51d8968000 r--p 00007000 08:0a 4591834                    /lib/x86_64-linux-gnu/libnss_compat-2.21.so
7f51d8968000-7f51d8969000 rw-p 00008000 08:0a 4591834                    /lib/x86_64-linux-gnu/libnss_compat-2.21.so
7f51d8969000-7f51d8997000 r-xp 00000000 08:0a 7340777                    /usr/lib/jvm/java-8-openjdk-amd64/jre/lib/amd64/libjava.so
7f51d8997000-7f51d8b96000 ---p 0002e000 08:0a 7340777                    /usr/lib/jvm/java-8-openjdk-amd64/jre/lib/amd64/libjava.so
7f51d8b96000-7f51d8b97000 r--p 0002d000 08:0a 7340777                    /usr/lib/jvm/java-8-openjdk-amd64/jre/lib/amd64/libjava.so
7f51d8b97000-7f51d8b99000 rw-p 0002e000 08:0a 7340777                    /usr/lib/jvm/java-8-openjdk-amd64/jre/lib/amd64/libjava.so
7f51d8b99000-7f51d8ba8000 r-xp 00000000 08:0a 7340792                    /usr/lib/jvm/java-8-openjdk-amd64/jre/lib/amd64/libverify.so
7f51d8ba8000-7f51d8da8000 ---p 0000f000 08:0a 7340792                    /usr/lib/jvm/java-8-openjdk-amd64/jre/lib/amd64/libverify.so
7f51d8da8000-7f51d8dab000 r--p 0000f000 08:0a 7340792                    /usr/lib/jvm/java-8-openjdk-amd64/jre/lib/amd64/libverify.so
7f51d8dab000-7f51d8dac000 rw-p 00012000 08:0a 7340792                    /usr/lib/jvm/java-8-openjdk-amd64/jre/lib/amd64/libverify.so
7f51d8dac000-7f51d8db3000 r-xp 00000000 08:0a 4591893                    /lib/x86_64-linux-gnu/librt-2.21.so
7f51d8db3000-7f51d8fb2000 ---p 00007000 08:0a 4591893                    /lib/x86_64-linux-gnu/librt-2.21.so
7f51d8fb2000-7f51d8fb3000 r--p 00006000 08:0a 4591893                    /lib/x86_64-linux-gnu/librt-2.21.so
7f51d8fb3000-7f51d8fb4000 rw-p 00007000 08:0a 4591893                    /lib/x86_64-linux-gnu/librt-2.21.so
7f51d8fb4000-7f51d8fca000 r-xp 00000000 08:0a 4587535                    /lib/x86_64-linux-gnu/libgcc_s.so.1
7f51d8fca000-7f51d91c9000 ---p 00016000 08:0a 4587535                    /lib/x86_64-linux-gnu/libgcc_s.so.1
7f51d91c9000-7f51d91ca000 rw-p 00015000 08:0a 4587535                    /lib/x86_64-linux-gnu/libgcc_s.so.1
7f51d91ca000-7f51d92d1000 r-xp 00000000 08:0a 4591811                    /lib/x86_64-linux-gnu/libm-2.21.so
7f51d92d1000-7f51d94d0000 ---p 00107000 08:0a 4591811                    /lib/x86_64-linux-gnu/libm-2.21.so
7f51d94d0000-7f51d94d1000 r--p 00106000 08:0a 4591811                    /lib/x86_64-linux-gnu/libm-2.21.so
7f51d94d1000-7f51d94d2000 rw-p 00107000 08:0a 4591811                    /lib/x86_64-linux-gnu/libm-2.21.so
7f51d94d2000-7f51d95c2000 r-xp 00000000 08:0a 7218109                    /usr/lib/x86_64-linux-gnu/libstdc++.so.6.0.20
7f51d95c2000-7f51d97c2000 ---p 000f0000 08:0a 7218109                    /usr/lib/x86_64-linux-gnu/libstdc++.so.6.0.20
7f51d97c2000-7f51d97ca000 r--p 000f0000 08:0a 7218109                    /usr/lib/x86_64-linux-gnu/libstdc++.so.6.0.20
7f51d97ca000-7f51d97cc000 rw-p 000f8000 08:0a 7218109                    /usr/lib/x86_64-linux-gnu/libstdc++.so.6.0.20
7f51d97cc000-7f51d97e1000 rw-p 00000000 00:00 0 
7f51d97e1000-7f51da46e000 r-xp 00000000 08:0a 7340804                    /usr/lib/jvm/java-8-openjdk-amd64/jre/lib/amd64/server/libjvm.so
7f51da46e000-7f51da66e000 ---p 00c8d000 08:0a 7340804                    /usr/lib/jvm/java-8-openjdk-amd64/jre/lib/amd64/server/libjvm.so
7f51da66e000-7f51da711000 r--p 00c8d000 08:0a 7340804                    /usr/lib/jvm/java-8-openjdk-amd64/jre/lib/amd64/server/libjvm.so
7f51da711000-7f51da73a000 rw-p 00d30000 08:0a 7340804                    /usr/lib/jvm/java-8-openjdk-amd64/jre/lib/amd64/server/libjvm.so
7f51da73a000-7f51da769000 rw-p 00000000 00:00 0 
7f51da769000-7f51da781000 r-xp 00000000 08:0a 4591885                    /lib/x86_64-linux-gnu/libpthread-2.21.so
7f51da781000-7f51da981000 ---p 00018000 08:0a 4591885                    /lib/x86_64-linux-gnu/libpthread-2.21.so
7f51da981000-7f51da982000 r--p 00018000 08:0a 4591885                    /lib/x86_64-linux-gnu/libpthread-2.21.so
7f51da982000-7f51da983000 rw-p 00019000 08:0a 4591885                    /lib/x86_64-linux-gnu/libpthread-2.21.so
7f51da983000-7f51da987000 rw-p 00000000 00:00 0 
7f51da987000-7f51da98a000 r-xp 00000000 08:0a 4591769                    /lib/x86_64-linux-gnu/libdl-2.21.so
7f51da98a000-7f51dab89000 ---p 00003000 08:0a 4591769                    /lib/x86_64-linux-gnu/libdl-2.21.so
7f51dab89000-7f51dab8a000 r--p 00002000 08:0a 4591769                    /lib/x86_64-linux-gnu/libdl-2.21.so
7f51dab8a000-7f51dab8b000 rw-p 00003000 08:0a 4591769                    /lib/x86_64-linux-gnu/libdl-2.21.so
7f51dab8b000-7f51daba4000 r-xp 00000000 08:0a 4591926                    /lib/x86_64-linux-gnu/libz.so.1.2.8
7f51daba4000-7f51dada4000 ---p 00019000 08:0a 4591926                    /lib/x86_64-linux-gnu/libz.so.1.2.8
7f51dada4000-7f51dada5000 r--p 00019000 08:0a 4591926                    /lib/x86_64-linux-gnu/libz.so.1.2.8
7f51dada5000-7f51dada6000 rw-p 0001a000 08:0a 4591926                    /lib/x86_64-linux-gnu/libz.so.1.2.8
7f51dada6000-7f51daf66000 r-xp 00000000 08:0a 4591752                    /lib/x86_64-linux-gnu/libc-2.21.so
7f51daf66000-7f51db166000 ---p 001c0000 08:0a 4591752                    /lib/x86_64-linux-gnu/libc-2.21.so
7f51db166000-7f51db16a000 r--p 001c0000 08:0a 4591752                    /lib/x86_64-linux-gnu/libc-2.21.so
7f51db16a000-7f51db16c000 rw-p 001c4000 08:0a 4591752                    /lib/x86_64-linux-gnu/libc-2.21.so
7f51db16c000-7f51db170000 rw-p 00000000 00:00 0 
7f51db170000-7f51db17e000 r-xp 00000000 08:0a 7340811                    /usr/lib/jvm/java-8-openjdk-amd64/jre/lib/amd64/jli/libjli.so
7f51db17e000-7f51db37d000 ---p 0000e000 08:0a 7340811                    /usr/lib/jvm/java-8-openjdk-amd64/jre/lib/amd64/jli/libjli.so
7f51db37d000-7f51db37e000 r--p 0000d000 08:0a 7340811                    /usr/lib/jvm/java-8-openjdk-amd64/jre/lib/amd64/jli/libjli.so
7f51db37e000-7f51db37f000 rw-p 0000e000 08:0a 7340811                    /usr/lib/jvm/java-8-openjdk-amd64/jre/lib/amd64/jli/libjli.so
7f51db37f000-7f51db3a3000 r-xp 00000000 08:0a 4591724                    /lib/x86_64-linux-gnu/ld-2.21.so
7f51db3a3000-7f51db3a4000 rwxp 00000000 00:00 0 
7f51db3a4000-7f51db3b3000 r--s 0010e000 08:0a 14945354                   /home/cade/projects/PGS/JavaPGS/dist/lib/javacl.jar
7f51db3b3000-7f51db3b4000 r--s 00005000 08:0a 14945355                   /home/cade/projects/PGS/JavaPGS/dist/JavaPGS.jar
7f51db3b4000-7f51db3b7000 r--s 0000f000 08:0a 7475451                    /usr/lib/jvm/java-8-openjdk-amd64/jre/lib/ext/icedtea-sound.jar
7f51db3b7000-7f51db3b8000 r--s 00008000 08:0a 7475446                    /usr/lib/jvm/java-8-openjdk-amd64/jre/lib/ext/sunec.jar
7f51db3b8000-7f51db3ba000 r--s 00006000 08:0a 7742943                    /usr/share/java/java-atk-wrapper.jar
7f51db3ba000-7f51db3bc000 r--s 00001000 08:0a 7475450                    /usr/lib/jvm/java-8-openjdk-amd64/jre/lib/ext/dnsns.jar
7f51db3bc000-7f51db3bf000 r--s 00037000 08:0a 7475452                    /usr/lib/jvm/java-8-openjdk-amd64/jre/lib/ext/sunpkcs11.jar
7f51db3bf000-7f51db47e000 rw-p 00000000 00:00 0 
7f51db47e000-7f51db481000 ---p 00000000 00:00 0 
7f51db481000-7f51db584000 rw-p 00000000 00:00 0                          [stack:9916]
7f51db584000-7f51db58a000 r--s 0003a000 08:0a 7475449                    /usr/lib/jvm/java-8-openjdk-amd64/jre/lib/ext/sunjce_provider.jar
7f51db58a000-7f51db595000 r--s 00116000 08:0a 7475447                    /usr/lib/jvm/java-8-openjdk-amd64/jre/lib/ext/localedata.jar
7f51db595000-7f51db596000 r--s 00010000 08:0a 7475448                    /usr/lib/jvm/java-8-openjdk-amd64/jre/lib/ext/zipfs.jar
7f51db596000-7f51db59e000 rw-s 00000000 08:0a 18743825                   /tmp/hsperfdata_cade/9915
7f51db59e000-7f51db59f000 rw-p 00000000 00:00 0 
7f51db59f000-7f51db5a0000 r--p 00000000 00:00 0 
7f51db5a0000-7f51db5a2000 rw-p 00000000 00:00 0 
7f51db5a2000-7f51db5a3000 r--p 00023000 08:0a 4591724                    /lib/x86_64-linux-gnu/ld-2.21.so
7f51db5a3000-7f51db5a4000 rw-p 00024000 08:0a 4591724                    /lib/x86_64-linux-gnu/ld-2.21.so
7f51db5a4000-7f51db5a5000 rw-p 00000000 00:00 0 
7fff7014e000-7fff7016f000 rw-p 00000000 00:00 0                          [stack]
7fff70198000-7fff7019a000 r--p 00000000 00:00 0                          [vvar]
7fff7019a000-7fff7019c000 r-xp 00000000 00:00 0                          [vdso]
ffffffffff600000-ffffffffff601000 r-xp 00000000 00:00 0                  [vsyscall]

VM Arguments:
jvm_args: -Xmx5G 
java_command: /home/cade/projects/PGS/JavaPGS/dist/JavaPGS.jar ./JavaPGS/src/javapgs/OpenCL/ConfigFiles/brute_1000.txt ./JavaPGS/src/javapgs/OpenCL/ConfigFiles/CLSpecs.txt
java_class_path (initial): /home/cade/projects/PGS/JavaPGS/dist/JavaPGS.jar
Launcher Type: SUN_STANDARD

Environment Variables:
PATH=/usr/local/cuda-7.5/bin:/home/cade/bin:/usr/local/sbin:/usr/local/bin:/usr/sbin:/usr/bin:/sbin:/bin:/usr/games:/usr/local/games
LD_LIBRARY_PATH=/usr/include/AMDAPPSDK-2.9-1/lib/x86_64/:/opt/opencl-headers/include/
SHELL=/bin/bash
DISPLAY=:0

Signal Handlers:
SIGSEGV: [libjvm.so+0xa90d80], sa_mask[0]=11111111011111111101111111111110, sa_flags=SA_RESTART|SA_SIGINFO
SIGBUS: [libjvm.so+0xa90d80], sa_mask[0]=11111111011111111101111111111110, sa_flags=SA_RESTART|SA_SIGINFO
SIGFPE: [libamdocl64.so+0x457fe0], sa_mask[0]=11111111011111111101111111111110, sa_flags=SA_RESTART|SA_SIGINFO
SIGPIPE: [libjvm.so+0x8dbc70], sa_mask[0]=11111111011111111101111111111110, sa_flags=SA_RESTART|SA_SIGINFO
SIGXFSZ: [libjvm.so+0x8dbc70], sa_mask[0]=11111111011111111101111111111110, sa_flags=SA_RESTART|SA_SIGINFO
SIGILL: [libjvm.so+0x8dbc70], sa_mask[0]=11111111011111111101111111111110, sa_flags=SA_RESTART|SA_SIGINFO
SIGUSR1: SIG_DFL, sa_mask[0]=00000000000000000000000000000000, sa_flags=none
SIGUSR2: [libjvm.so+0x8dbb20], sa_mask[0]=00000000000000000000000000000000, sa_flags=SA_RESTART|SA_SIGINFO
SIGHUP: [libjvm.so+0x8dbd40], sa_mask[0]=11111111011111111101111111111110, sa_flags=SA_RESTART|SA_SIGINFO
SIGINT: [libjvm.so+0x8dbd40], sa_mask[0]=11111111011111111101111111111110, sa_flags=SA_RESTART|SA_SIGINFO
SIGTERM: [libjvm.so+0x8dbd40], sa_mask[0]=11111111011111111101111111111110, sa_flags=SA_RESTART|SA_SIGINFO
SIGQUIT: [libjvm.so+0x8dbd40], sa_mask[0]=11111111011111111101111111111110, sa_flags=SA_RESTART|SA_SIGINFO


---------------  S Y S T E M  ---------------

OS:DISTRIB_ID=Ubuntu
DISTRIB_RELEASE=15.04
DISTRIB_CODENAME=vivid
DISTRIB_DESCRIPTION="Ubuntu 15.04"

uname:Linux 3.19.0-58-generic #64-Ubuntu SMP Thu Mar 17 18:30:04 UTC 2016 x86_64
libc:glibc 2.21 NPTL 2.21 
rlimit: STACK 8192k, CORE 0k, NPROC 31498, NOFILE 65536, AS infinity
load average:0.67 0.45 0.43

/proc/meminfo:
MemTotal:        8085896 kB
MemFree:         3416048 kB
MemAvailable:    4953452 kB
Buffers:          268056 kB
Cached:          1898168 kB
SwapCached:            0 kB
Active:          3059968 kB
Inactive:        1335192 kB
Active(anon):    2230416 kB
Inactive(anon):   528556 kB
Active(file):     829552 kB
Inactive(file):   806636 kB
Unevictable:         152 kB
Mlocked:             152 kB
SwapTotal:       8298492 kB
SwapFree:        8298492 kB
Dirty:              1700 kB
Writeback:            12 kB
AnonPages:       2229180 kB
Mapped:           363480 kB
Shmem:            530040 kB
Slab:             173864 kB
SReclaimable:     140304 kB
SUnreclaim:        33560 kB
KernelStack:        8768 kB
PageTables:        33224 kB
NFS_Unstable:          0 kB
Bounce:                0 kB
WritebackTmp:          0 kB
CommitLimit:    12341440 kB
Committed_AS:    6187996 kB
VmallocTotal:   34359738367 kB
VmallocUsed:      368144 kB
VmallocChunk:   34359358040 kB
HardwareCorrupted:     0 kB
AnonHugePages:   1224704 kB
CmaTotal:              0 kB
CmaFree:               0 kB
HugePages_Total:       0
HugePages_Free:        0
HugePages_Rsvd:        0
HugePages_Surp:        0
Hugepagesize:       2048 kB
DirectMap4k:      123056 kB
DirectMap2M:     3981312 kB
DirectMap1G:     5242880 kB


CPU:total 4 (2 cores per cpu, 2 threads per core) family 6 model 61 stepping 4, cmov, cx8, fxsr, mmx, sse, sse2, sse3, ssse3, sse4.1, sse4.2, popcnt, avx, avx2, aes, clmul, erms, 3dnowpref, lzcnt, ht, tsc, tscinvbit, bmi1, bmi2, adx

/proc/cpuinfo:
processor	: 0
vendor_id	: GenuineIntel
cpu family	: 6
model		: 61
model name	: Intel(R) Core(TM) i7-5500U CPU @ 2.40GHz
stepping	: 4
microcode	: 0x12
cpu MHz		: 2989.406
cache size	: 4096 KB
physical id	: 0
siblings	: 4
core id		: 0
cpu cores	: 2
apicid		: 0
initial apicid	: 0
fpu		: yes
fpu_exception	: yes
cpuid level	: 20
wp		: yes
flags		: fpu vme de pse tsc msr pae mce cx8 apic sep mtrr pge mca cmov pat pse36 clflush dts acpi mmx fxsr sse sse2 ss ht tm pbe syscall nx pdpe1gb rdtscp lm constant_tsc arch_perfmon pebs bts rep_good nopl xtopology nonstop_tsc aperfmperf eagerfpu pni pclmulqdq dtes64 monitor ds_cpl vmx est tm2 ssse3 fma cx16 xtpr pdcm pcid sse4_1 sse4_2 x2apic movbe popcnt tsc_deadline_timer aes xsave avx f16c rdrand lahf_lm abm 3dnowprefetch ida arat epb pln pts dtherm tpr_shadow vnmi flexpriority ept vpid fsgsbase tsc_adjust bmi1 avx2 smep bmi2 erms invpcid rdseed adx smap xsaveopt
bugs		:
bogomips	: 4788.91
clflush size	: 64
cache_alignment	: 64
address sizes	: 39 bits physical, 48 bits virtual
power management:

processor	: 1
vendor_id	: GenuineIntel
cpu family	: 6
model		: 61
model name	: Intel(R) Core(TM) i7-5500U CPU @ 2.40GHz
stepping	: 4
microcode	: 0x12
cpu MHz		: 2900.062
cache size	: 4096 KB
physical id	: 0
siblings	: 4
core id		: 1
cpu cores	: 2
apicid		: 2
initial apicid	: 2
fpu		: yes
fpu_exception	: yes
cpuid level	: 20
wp		: yes
flags		: fpu vme de pse tsc msr pae mce cx8 apic sep mtrr pge mca cmov pat pse36 clflush dts acpi mmx fxsr sse sse2 ss ht tm pbe syscall nx pdpe1gb rdtscp lm constant_tsc arch_perfmon pebs bts rep_good nopl xtopology nonstop_tsc aperfmperf eagerfpu pni pclmulqdq dtes64 monitor ds_cpl vmx est tm2 ssse3 fma cx16 xtpr pdcm pcid sse4_1 sse4_2 x2apic movbe popcnt tsc_deadline_timer aes xsave avx f16c rdrand lahf_lm abm 3dnowprefetch ida arat epb pln pts dtherm tpr_shadow vnmi flexpriority ept vpid fsgsbase tsc_adjust bmi1 avx2 smep bmi2 erms invpcid rdseed adx smap xsaveopt
bugs		:
bogomips	: 4788.91
clflush size	: 64
cache_alignment	: 64
address sizes	: 39 bits physical, 48 bits virtual
power management:

processor	: 2
vendor_id	: GenuineIntel
cpu family	: 6
model		: 61
model name	: Intel(R) Core(TM) i7-5500U CPU @ 2.40GHz
stepping	: 4
microcode	: 0x12
cpu MHz		: 2974.406
cache size	: 4096 KB
physical id	: 0
siblings	: 4
core id		: 0
cpu cores	: 2
apicid		: 1
initial apicid	: 1
fpu		: yes
fpu_exception	: yes
cpuid level	: 20
wp		: yes
flags		: fpu vme de pse tsc msr pae mce cx8 apic sep mtrr pge mca cmov pat pse36 clflush dts acpi mmx fxsr sse sse2 ss ht tm pbe syscall nx pdpe1gb rdtscp lm constant_tsc arch_perfmon pebs bts rep_good nopl xtopology nonstop_tsc aperfmperf eagerfpu pni pclmulqdq dtes64 monitor ds_cpl vmx est tm2 ssse3 fma cx16 xtpr pdcm pcid sse4_1 sse4_2 x2apic movbe popcnt tsc_deadline_timer aes xsave avx f16c rdrand lahf_lm abm 3dnowprefetch ida arat epb pln pts dtherm tpr_shadow vnmi flexpriority ept vpid fsgsbase tsc_adjust bmi1 avx2 smep bmi2 erms invpcid rdseed adx smap xsaveopt
bugs		:
bogomips	: 4788.91
clflush size	: 64
cache_alignment	: 64
address sizes	: 39 bits physical, 48 bits virtual
power management:

processor	: 3
vendor_id	: GenuineIntel
cpu family	: 6
model		: 61
model name	: Intel(R) Core(TM) i7-5500U CPU @ 2.40GHz
stepping	: 4
microcode	: 0x12
cpu MHz		: 2900.156
cache size	: 4096 KB
physical id	: 0
siblings	: 4
core id		: 1
cpu cores	: 2
apicid		: 3
initial apicid	: 3
fpu		: yes
fpu_exception	: yes
cpuid level	: 20
wp		: yes
flags		: fpu vme de pse tsc msr pae mce cx8 apic sep mtrr pge mca cmov pat pse36 clflush dts acpi mmx fxsr sse sse2 ss ht tm pbe syscall nx pdpe1gb rdtscp lm constant_tsc arch_perfmon pebs bts rep_good nopl xtopology nonstop_tsc aperfmperf eagerfpu pni pclmulqdq dtes64 monitor ds_cpl vmx est tm2 ssse3 fma cx16 xtpr pdcm pcid sse4_1 sse4_2 x2apic movbe popcnt tsc_deadline_timer aes xsave avx f16c rdrand lahf_lm abm 3dnowprefetch ida arat epb pln pts dtherm tpr_shadow vnmi flexpriority ept vpid fsgsbase tsc_adjust bmi1 avx2 smep bmi2 erms invpcid rdseed adx smap xsaveopt
bugs		:
bogomips	: 4788.91
clflush size	: 64
cache_alignment	: 64
address sizes	: 39 bits physical, 48 bits virtual
power management:



Memory: 4k page, physical 8085896k(3416048k free), swap 8298492k(8298492k free)

vm_info: OpenJDK 64-Bit Server VM (25.45-b02) for linux-amd64 JRE (1.8.0_45-internal-b14), built on Apr 20 2015 00:35:04 by "buildd" with gcc 4.9.2

time: Thu Apr 14 11:26:27 2016
elapsed time: 0 seconds (0d 0h 0m 0s)

